[INFO] [launch]: All log files can be found below /home/harshil/.ros/log/2021-05-16-01-13-02-511839-arch-151290
[INFO] [launch]: Default logging verbosity is set to INFO
[INFO] [gazebo-1]: process started with pid [151326]
[INFO] [joint_state_publisher-2]: process started with pid [151328]
[INFO] [robot_state_publisher-3]: process started with pid [151330]
[INFO] [spawn_entity.py-4]: process started with pid [151332]
[robot_state_publisher-3] 1621107782.942323 [0] robot_stat: using network interface wlp4s0 (udp/192.168.1.10) selected arbitrarily from: wlp4s0, virbr0, docker0
[robot_state_publisher-3] The root link base_link has an inertia specified in the URDF, but KDL does not support a root link with an inertia.  As a workaround, you can add an extra dummy link to your URDF.
[robot_state_publisher-3] Link base_footprint had 0 children
[robot_state_publisher-3] Link battery_link had 0 children
[robot_state_publisher-3] Link front_caster had 0 children
[robot_state_publisher-3] Link drivewhl_l_link had 0 children
[robot_state_publisher-3] Link drivewhl_r_link had 0 children
[robot_state_publisher-3] Link imu_link had 0 children
[robot_state_publisher-3] [INFO] [1621107782.964566163] [robot_state_publisher]: got segment base_footprint
[robot_state_publisher-3] [INFO] [1621107782.964761430] [robot_state_publisher]: got segment base_link
[robot_state_publisher-3] [INFO] [1621107782.964785104] [robot_state_publisher]: got segment battery_link
[robot_state_publisher-3] [INFO] [1621107782.964799712] [robot_state_publisher]: got segment drivewhl_l_link
[robot_state_publisher-3] [INFO] [1621107782.964814820] [robot_state_publisher]: got segment drivewhl_r_link
[robot_state_publisher-3] [INFO] [1621107782.964833776] [robot_state_publisher]: got segment front_caster
[robot_state_publisher-3] [INFO] [1621107782.964848904] [robot_state_publisher]: got segment imu_link
[joint_state_publisher-2] 1621107783.110938 [0] joint_stat: using network interface wlp4s0 (udp/192.168.1.10) selected arbitrarily from: wlp4s0, virbr0, docker0
[spawn_entity.py-4] 1621107783.144722 [0]    python3: using network interface wlp4s0 (udp/192.168.1.10) selected arbitrarily from: wlp4s0, virbr0, docker0
[joint_state_publisher-2] [INFO] [1621107783.170368924] [joint_state_publisher]: Waiting for robot_description to be published on the robot_description topic...
[joint_state_publisher-2] /opt/ros2/foxy/lib/python3.9/site-packages/rclpy/qos.py:307: UserWarning: DurabilityPolicy.RMW_QOS_POLICY_DURABILITY_TRANSIENT_LOCAL is deprecated. Use DurabilityPolicy.TRANSIENT_LOCAL instead.
[joint_state_publisher-2]   warnings.warn(
[spawn_entity.py-4] [INFO] [1621107783.213083524] [spawn_entity]: Spawn Entity started
[spawn_entity.py-4] [INFO] [1621107783.213610044] [spawn_entity]: Loading entity published on topic robot_description
[spawn_entity.py-4] /opt/ros2/foxy/lib/python3.9/site-packages/rclpy/qos.py:307: UserWarning: DurabilityPolicy.RMW_QOS_POLICY_DURABILITY_TRANSIENT_LOCAL is deprecated. Use DurabilityPolicy.TRANSIENT_LOCAL instead.
[spawn_entity.py-4]   warnings.warn(
[spawn_entity.py-4] [INFO] [1621107783.216460291] [spawn_entity]: Waiting for entity xml on robot_description
[spawn_entity.py-4] [INFO] [1621107783.227578249] [spawn_entity]: Waiting for service /spawn_entity, timeout = 30
[spawn_entity.py-4] [INFO] [1621107783.228045938] [spawn_entity]: Waiting for service /spawn_entity
[gazebo-1] Gazebo multi-robot simulator, version 11.5.1
[gazebo-1] Copyright (C) 2012 Open Source Robotics Foundation.
[gazebo-1] Released under the Apache 2 License.
[gazebo-1] http://gazebosim.org
[gazebo-1] 
[gazebo-1] Gazebo multi-robot simulator, version 11.5.1
[gazebo-1] Copyright (C) 2012 Open Source Robotics Foundation.
[gazebo-1] Released under the Apache 2 License.
[gazebo-1] http://gazebosim.org
[gazebo-1] 
[gazebo-1] [ALSOFT] (EE) Failed to set real-time priority for thread: Operation not permitted (1)
[gazebo-1] [ALSOFT] (EE) Failed to set real-time priority for thread: Operation not permitted (1)
[gazebo-1] [INFO] [1621107783.924688720] [gazebo_ros_node]: ROS was initialized without arguments.
[gazebo-1] 1621107783.926237 [0]   gzserver: using network interface wlp4s0 (udp/192.168.1.10) selected arbitrarily from: wlp4s0, virbr0, docker0
[spawn_entity.py-4] [INFO] [1621107783.987326098] [spawn_entity]: Calling service /spawn_entity
[spawn_entity.py-4] [INFO] [1621107784.116386349] [spawn_entity]: Spawn status: SpawnEntity: Successfully spawned entity [tribot]
[gazebo-1] [INFO] [1621107784.284342792] [demo.diff_drive]: Wheel pair 1 separation set to [0.025000m]
[gazebo-1] [INFO] [1621107784.284582633] [demo.diff_drive]: Wheel pair 1 diameter set to [0.200000m]
[gazebo-1] [INFO] [1621107784.294020934] [demo.diff_drive]: Subscribed to [/demo/cmd_vel]
[gazebo-1] [INFO] [1621107784.300303032] [demo.diff_drive]: Advertise odometry on [/demo/odom]
[gazebo-1] [INFO] [1621107784.310291618] [demo.diff_drive]: Publishing odom transforms between [odom] and [base_link]
[gazebo-1] [INFO] [1621107784.310371768] [demo.diff_drive]: Publishing wheel transforms between [base_link], [drivewhl_l_joint] and [drivewhl_r_joint]
[INFO] [spawn_entity.py-4]: process has finished cleanly [pid 151332]
[gazebo-1] [1;32m[Msg] [0m[1;32mWaiting for master.[0m[1;32m
[gazebo-1] [0m[1;32m[0m[1;32m[Msg] [0m[1;32mConnected to gazebo master @ [0m[1;32mhttp://127.0.0.1:11345[0m[1;32m
[gazebo-1] [0m[1;32m[0m[1;32m[Msg] [0m[1;32mPublicized address: [0m[1;32m192.168.1.10[0m[1;32m
[gazebo-1] [0m[1;32m[0m[1;32m[Msg] [0m[1;32mLoading world file [[0m[1;32m/usr/share/gazebo-11/worlds/empty.world[0m[1;32m][0m[1;32m
[gazebo-1] [1;31m[Err] [Model.cc:1122] [0m[1;31mModel[[0m[1;31mtribot[0m[1;31m] is attempting to load [0m[1;31ma plugin, but detected an incorrect plugin type. [0m[1;31mPlugin filename[[0m[1;31mlibgazebo_ros_linear_battery.so[0m[1;31m] name[[0m[1;31mlinear_battery_plugin[0m[1;31m]
[gazebo-1] [0m[1;32m[0m[1;32m[Msg] [0m[1;32mWaiting for master.[0m[1;32m
[gazebo-1] [0m[1;32m[0m[1;32m[Msg] [0m[1;32mConnected to gazebo master @ [0m[1;32mhttp://127.0.0.1:11345[0m[1;32m
[gazebo-1] [0m[1;32m[0m[1;32m[Msg] [0m[1;32mPublicized address: [0m[1;32m192.168.1.10[0m[1;32m
[gazebo-1] [0m[1;33m[Wrn] [Event.cc:61] [0m[1;33mWarning: Deleting a connection right after creation. [0m[1;33mMake sure to save the ConnectionPtr from a Connect call
[gazebo-1] [0m[1;33m[Wrn] [Event.cc:61] [0m[1;33mWarning: Deleting a connection right after creation. [0m[1;33mMake sure to save the ConnectionPtr from a Connect call
[INFO] [gazebo-1]: process has finished cleanly [pid 151326]
[gazebo-1] [0m[1;32m[0m[1;36m[0m[1;32m[0m[1;36m[0m[1;32m[0m
[gazebo-1] [0m[1;33m[0m[1;31m[0m[1;33m[0m[1;31m[0m
